<?xml version="1.0" encoding="UTF-8"?>
<!-- Generated by org.testng.reporters.JUnitReportReporter -->
<testsuite skipped="0" hostname="DESKTOP-R3EG5KC" name="com.testing.AppTest" tests="1" failures="0" timestamp="2019-12-17T19:51:20 EST" time="19.463" errors="0">
  <testcase name="GmailLoginTest" time="19.463" classname="com.testing.AppTest"/>
</testsuite> <!-- com.testing.AppTest -->
